<?xml version="1.0" encoding="UTF-8"?>
<!-- Generated by org.testng.reporters.JUnitXMLReporter -->
<testsuite hostname="PUNITP367781L" ignored="0" name="Default test" tests="3" failures="0" timestamp="2020-11-06T22:35:43 IST" time="12.667" errors="0">
  <testcase name="testMethod" time="5.762" classname="stepDefinations.StepDefinations9"/>
  <testcase name="testMethod" time="4.63" classname="stepDefinations.StepDefinations9"/>
  <testcase name="testMethod" time="2.146" classname="stepDefinations.StepDefinations9"/>
</testsuite> <!-- Default test -->
